<?xml version="1.0" encoding="UTF-8"?>
<!-- Generated by org.testng.reporters.JUnitXMLReporter -->
<testsuite hostname="LIN16007873" ignored="0" name="Test-firefox" tests="2" failures="1" timestamp="01 Apr 2021 05:52:05 GMT" time="66.854" errors="0">
  <testcase name="Login" time="5.584" classname="testCases.Testcase1"/>
  <testcase name="validateElements" time="2.937" classname="testCases.Test_script_Test2">
    <failure type="java.lang.AssertionError" message="expected [info@qaclickacademy.coms] but found [info@qaclickacademy.com]">
      <![CDATA[java.lang.AssertionError: expected [info@qaclickacademy.coms] but found [info@qaclickacademy.com]
at testCases.Test_script_Test2.validateElements(Test_script_Test2.java:29)
... Removed 31 stack frames]]>
    </failure>
  </testcase> <!-- validateElements -->
</testsuite> <!-- Test-firefox -->
